Warning[2058] C:\Users\Mickael\Desktop\Shenkar\Lab1\main.c 403 : call of function without prototype
Warning[2058] C:\Users\Mickael\Desktop\Shenkar\Lab1\main.c 404 : call of function without prototype
Warning[2058] C:\Users\Mickael\Desktop\Shenkar\Lab1\main.c 530 : call of function without prototype
Warning[2058] C:\Users\Mickael\Desktop\Shenkar\Lab1\main.c 531 : call of function without prototype
Warning[2058] C:\Users\Mickael\Desktop\Shenkar\Lab1\main.c 532 : call of function without prototype
Warning[2058] C:\Users\Mickael\Desktop\Shenkar\Lab1\main.c 533 : call of function without prototype
Warning[2058] C:\Users\Mickael\Desktop\Shenkar\Lab1\main.c 549 : call of function without prototype
Warning[2058] C:\Users\Mickael\Desktop\Shenkar\Lab1\main.c 550 : call of function without prototype
Warning[2058] C:\Users\Mickael\Desktop\Shenkar\Lab1\main.c 551 : call of function without prototype
Warning[2058] C:\Users\Mickael\Desktop\Shenkar\Lab1\main.c 552 : call of function without prototype
Warning[2058] C:\Users\Mickael\Desktop\Shenkar\Lab1\main.c 553 : call of function without prototype
Warning[2058] C:\Users\Mickael\Desktop\Shenkar\Lab1\main.c 554 : call of function without prototype
Warning[2058] C:\Users\Mickael\Desktop\Shenkar\Lab1\main.c 555 : call of function without prototype
Warning[2054] C:\Users\Mickael\Desktop\Shenkar\Lab1\main.c 560 : suspicious pointer conversion
Warning[2054] C:\Users\Mickael\Desktop\Shenkar\Lab1\main.c 561 : suspicious pointer conversion
Warning[2054] C:\Users\Mickael\Desktop\Shenkar\Lab1\main.c 562 : suspicious pointer conversion
Warning[2054] C:\Users\Mickael\Desktop\Shenkar\Lab1\main.c 563 : suspicious pointer conversion
Warning[2054] C:\Users\Mickael\Desktop\Shenkar\Lab1\main.c 564 : suspicious pointer conversion
Warning[2054] C:\Users\Mickael\Desktop\Shenkar\Lab1\main.c 565 : suspicious pointer conversion
Warning[2054] C:\Users\Mickael\Desktop\Shenkar\Lab1\main.c 566 : suspicious pointer conversion
Warning[2054] C:\Users\Mickael\Desktop\Shenkar\Lab1\main.c 567 : suspicious pointer conversion
Warning[2058] C:\Users\Mickael\Desktop\Shenkar\Lab1\main.c 579 : call of function without prototype
Warning[2058] C:\Users\Mickael\Desktop\Shenkar\Lab1\main.c 583 : call of function without prototype
Warning[2058] C:\Users\Mickael\Desktop\Shenkar\Lab1\main.c 590 : call of function without prototype
Warning[2054] C:\Users\Mickael\Desktop\Shenkar\Lab1\main.c 594 : suspicious pointer conversion
Warning[2054] C:\Users\Mickael\Desktop\Shenkar\Lab1\main.c 595 : suspicious pointer conversion
Warning[2054] C:\Users\Mickael\Desktop\Shenkar\Lab1\main.c 596 : suspicious pointer conversion
Warning[2054] C:\Users\Mickael\Desktop\Shenkar\Lab1\main.c 597 : suspicious pointer conversion
Warning[2054] C:\Users\Mickael\Desktop\Shenkar\Lab1\main.c 598 : suspicious pointer conversion
Warning[2054] C:\Users\Mickael\Desktop\Shenkar\Lab1\main.c 599 : suspicious pointer conversion
Warning[2054] C:\Users\Mickael\Desktop\Shenkar\Lab1\main.c 600 : suspicious pointer conversion
Warning[2058] C:\Users\Mickael\Desktop\Shenkar\Lab1\main.c 601 : call of function without prototype
Warning[2058] C:\Users\Mickael\Desktop\Shenkar\Lab1\main.c 605 : call of function without prototype
Warning[2058] C:\Users\Mickael\Desktop\Shenkar\Lab1\main.c 609 : call of function without prototype
Warning[2058] C:\Users\Mickael\Desktop\Shenkar\Lab1\main.c 613 : call of function without prototype
Warning[2058] C:\Users\Mickael\Desktop\Shenkar\Lab1\main.c 617 : call of function without prototype
Warning[2054] C:\Users\Mickael\Desktop\Shenkar\Lab1\main.c 633 : suspicious pointer conversion
Warning[2054] C:\Users\Mickael\Desktop\Shenkar\Lab1\main.c 634 : suspicious pointer conversion
Warning[2054] C:\Users\Mickael\Desktop\Shenkar\Lab1\main.c 635 : suspicious pointer conversion
Warning[2054] C:\Users\Mickael\Desktop\Shenkar\Lab1\main.c 636 : suspicious pointer conversion
Warning[2054] C:\Users\Mickael\Desktop\Shenkar\Lab1\main.c 637 : suspicious pointer conversion
Warning[2054] C:\Users\Mickael\Desktop\Shenkar\Lab1\main.c 638 : suspicious pointer conversion
Warning[2054] C:\Users\Mickael\Desktop\Shenkar\Lab1\main.c 639 : suspicious pointer conversion
Warning[2058] C:\Users\Mickael\Desktop\Shenkar\Lab1\main.c 641 : call of function without prototype
Warning[2058] C:\Users\Mickael\Desktop\Shenkar\Lab1\main.c 673 : call of function without prototype
Warning[2054] C:\Users\Mickael\Desktop\Shenkar\Lab1\main.c 691 : suspicious pointer conversion
Warning[2054] C:\Users\Mickael\Desktop\Shenkar\Lab1\main.c 692 : suspicious pointer conversion
Warning[2054] C:\Users\Mickael\Desktop\Shenkar\Lab1\main.c 693 : suspicious pointer conversion
Warning[2054] C:\Users\Mickael\Desktop\Shenkar\Lab1\main.c 694 : suspicious pointer conversion
Warning[2054] C:\Users\Mickael\Desktop\Shenkar\Lab1\main.c 695 : suspicious pointer conversion
Warning[2054] C:\Users\Mickael\Desktop\Shenkar\Lab1\main.c 696 : suspicious pointer conversion
Warning[2054] C:\Users\Mickael\Desktop\Shenkar\Lab1\main.c 697 : suspicious pointer conversion
Warning[2054] C:\Users\Mickael\Desktop\Shenkar\Lab1\main.c 698 : suspicious pointer conversion
Warning[2058] C:\Users\Mickael\Desktop\Shenkar\Lab1\main.c 701 : call of function without prototype
Warning[2054] C:\Users\Mickael\Desktop\Shenkar\Lab1\main.c 711 : suspicious pointer conversion
Warning[2054] C:\Users\Mickael\Desktop\Shenkar\Lab1\main.c 712 : suspicious pointer conversion
Warning[2054] C:\Users\Mickael\Desktop\Shenkar\Lab1\main.c 713 : suspicious pointer conversion
Warning[2054] C:\Users\Mickael\Desktop\Shenkar\Lab1\main.c 714 : suspicious pointer conversion
Warning[2054] C:\Users\Mickael\Desktop\Shenkar\Lab1\main.c 715 : suspicious pointer conversion
Warning[2054] C:\Users\Mickael\Desktop\Shenkar\Lab1\main.c 716 : suspicious pointer conversion
Warning[2054] C:\Users\Mickael\Desktop\Shenkar\Lab1\main.c 717 : suspicious pointer conversion
Warning[2054] C:\Users\Mickael\Desktop\Shenkar\Lab1\main.c 718 : suspicious pointer conversion
Warning[2054] C:\Users\Mickael\Desktop\Shenkar\Lab1\main.c 722 : suspicious pointer conversion
Warning[2054] C:\Users\Mickael\Desktop\Shenkar\Lab1\main.c 723 : suspicious pointer conversion
Warning[2054] C:\Users\Mickael\Desktop\Shenkar\Lab1\main.c 724 : suspicious pointer conversion
Warning[2054] C:\Users\Mickael\Desktop\Shenkar\Lab1\main.c 725 : suspicious pointer conversion
Warning[2054] C:\Users\Mickael\Desktop\Shenkar\Lab1\main.c 726 : suspicious pointer conversion
Warning[2054] C:\Users\Mickael\Desktop\Shenkar\Lab1\main.c 727 : suspicious pointer conversion
Warning[2054] C:\Users\Mickael\Desktop\Shenkar\Lab1\main.c 728 : suspicious pointer conversion
Warning[2054] C:\Users\Mickael\Desktop\Shenkar\Lab1\main.c 729 : suspicious pointer conversion
Warning[2058] C:\Users\Mickael\Desktop\Shenkar\Lab1\main.c 743 : call of function without prototype
Warning[2058] C:\Users\Mickael\Desktop\Shenkar\Lab1\main.c 746 : call of function without prototype
Warning[2058] C:\Users\Mickael\Desktop\Shenkar\Lab1\main.c 749 : call of function without prototype
Warning[2058] C:\Users\Mickael\Desktop\Shenkar\Lab1\main.c 752 : call of function without prototype
Warning[2058] C:\Users\Mickael\Desktop\Shenkar\Lab1\main.c 755 : call of function without prototype
Warning[2058] C:\Users\Mickael\Desktop\Shenkar\Lab1\main.c 758 : call of function without prototype
Warning[2058] C:\Users\Mickael\Desktop\Shenkar\Lab1\main.c 777 : call of function without prototype
Warning[2054] C:\Users\Mickael\Desktop\Shenkar\Lab1\main.c 793 : suspicious pointer conversion
Warning[2054] C:\Users\Mickael\Desktop\Shenkar\Lab1\main.c 794 : suspicious pointer conversion
Warning[2054] C:\Users\Mickael\Desktop\Shenkar\Lab1\main.c 795 : suspicious pointer conversion
Warning[2054] C:\Users\Mickael\Desktop\Shenkar\Lab1\main.c 796 : suspicious pointer conversion
Warning[2054] C:\Users\Mickael\Desktop\Shenkar\Lab1\main.c 797 : suspicious pointer conversion
Warning[2054] C:\Users\Mickael\Desktop\Shenkar\Lab1\main.c 798 : suspicious pointer conversion
Warning[2054] C:\Users\Mickael\Desktop\Shenkar\Lab1\main.c 799 : suspicious pointer conversion
Warning[2058] C:\Users\Mickael\Desktop\Shenkar\Lab1\main.c 802 : call of function without prototype
Warning[2058] C:\Users\Mickael\Desktop\Shenkar\Lab1\main.c 804 : call of function without prototype
Warning[2058] C:\Users\Mickael\Desktop\Shenkar\Lab1\main.c 822 : call of function without prototype
Warning[2058] C:\Users\Mickael\Desktop\Shenkar\Lab1\main.c 825 : call of function without prototype
Warning[2058] C:\Users\Mickael\Desktop\Shenkar\Lab1\main.c 828 : call of function without prototype
Warning[2058] C:\Users\Mickael\Desktop\Shenkar\Lab1\main.c 831 : call of function without prototype
Warning[2058] C:\Users\Mickael\Desktop\Shenkar\Lab1\main.c 856 : call of function without prototype
Warning[2058] C:\Users\Mickael\Desktop\Shenkar\Lab1\main.c 873 : call of function without prototype
Warning[2058] C:\Users\Mickael\Desktop\Shenkar\Lab1\main.c 875 : call of function without prototype
Warning[2054] C:\Users\Mickael\Desktop\Shenkar\Lab1\main.c 879 : suspicious pointer conversion
Warning[2054] C:\Users\Mickael\Desktop\Shenkar\Lab1\main.c 880 : suspicious pointer conversion
Warning[2054] C:\Users\Mickael\Desktop\Shenkar\Lab1\main.c 881 : suspicious pointer conversion
Warning[2054] C:\Users\Mickael\Desktop\Shenkar\Lab1\main.c 882 : suspicious pointer conversion
Warning[2054] C:\Users\Mickael\Desktop\Shenkar\Lab1\main.c 883 : suspicious pointer conversion
Warning[2054] C:\Users\Mickael\Desktop\Shenkar\Lab1\main.c 884 : suspicious pointer conversion
Warning[2054] C:\Users\Mickael\Desktop\Shenkar\Lab1\main.c 885 : suspicious pointer conversion
Warning[2058] C:\Users\Mickael\Desktop\Shenkar\Lab1\main.c 890 : call of function without prototype
Warning[2058] C:\Users\Mickael\Desktop\Shenkar\Lab1\main.c 893 : call of function without prototype
Warning[2058] C:\Users\Mickael\Desktop\Shenkar\Lab1\main.c 896 : call of function without prototype
Warning[2058] C:\Users\Mickael\Desktop\Shenkar\Lab1\main.c 899 : call of function without prototype
Warning[2054] C:\Users\Mickael\Desktop\Shenkar\Lab1\main.c 919 : suspicious pointer conversion
Warning[2054] C:\Users\Mickael\Desktop\Shenkar\Lab1\main.c 920 : suspicious pointer conversion
Warning[2054] C:\Users\Mickael\Desktop\Shenkar\Lab1\main.c 921 : suspicious pointer conversion
Warning[2054] C:\Users\Mickael\Desktop\Shenkar\Lab1\main.c 922 : suspicious pointer conversion
Warning[2054] C:\Users\Mickael\Desktop\Shenkar\Lab1\main.c 923 : suspicious pointer conversion
Warning[2054] C:\Users\Mickael\Desktop\Shenkar\Lab1\main.c 924 : suspicious pointer conversion
Warning[2054] C:\Users\Mickael\Desktop\Shenkar\Lab1\main.c 925 : suspicious pointer conversion
Warning[2058] C:\Users\Mickael\Desktop\Shenkar\Lab1\main.c 928 : call of function without prototype
Warning[2058] C:\Users\Mickael\Desktop\Shenkar\Lab1\main.c 930 : call of function without prototype
Warning[2058] C:\Users\Mickael\Desktop\Shenkar\Lab1\main.c 948 : call of function without prototype
Warning[2058] C:\Users\Mickael\Desktop\Shenkar\Lab1\main.c 951 : call of function without prototype
Warning[2058] C:\Users\Mickael\Desktop\Shenkar\Lab1\main.c 954 : call of function without prototype
Warning[2058] C:\Users\Mickael\Desktop\Shenkar\Lab1\main.c 957 : call of function without prototype
Warning[2058] C:\Users\Mickael\Desktop\Shenkar\Lab1\main.c 991 : call of function without prototype
Warning[2058] C:\Users\Mickael\Desktop\Shenkar\Lab1\main.c 999 : call of function without prototype
Warning[2058] C:\Users\Mickael\Desktop\Shenkar\Lab1\main.c 1002 : call of function without prototype
Warning[2058] C:\Users\Mickael\Desktop\Shenkar\Lab1\main.c 1005 : call of function without prototype
Warning[2058] C:\Users\Mickael\Desktop\Shenkar\Lab1\main.c 1008 : call of function without prototype
Warning[2065] C:\Users\Mickael\Desktop\Shenkar\Lab1\main.c 1009 : static function 'YourLowPriorityISRCode' never referenced
Warning[2065] C:\Users\Mickael\Desktop\Shenkar\Lab1\main.c 1009 : static function 'YourHighPriorityISRCode' never referenced
Warning[2065] C:\Users\Mickael\Desktop\Shenkar\Lab1\main.c 1009 : static function 'YourLowPriorityISRCode' never referenced
Warning[2065] C:\Users\Mickael\Desktop\Shenkar\Lab1\main.c 1009 : static function 'YourHighPriorityISRCode' never referenced
Warning[2064] C:\Users\Mickael\Desktop\Shenkar\Lab1\main.c 1009 : static function 'ProcessIO' not defined
